time="2019-08-05T15:03:42+07:00" level=info msg="node 1, process entry {1 1 EntryConfChange [8 0 16 0 24 1] []}\n"
time="2019-08-05T15:03:42+07:00" level=info msg="entry type EntryConfChange"
time="2019-08-05T15:03:42+07:00" level=info msg="node 1, process entry {1 2 EntryConfChange [8 0 16 0 24 2] []}\n"
time="2019-08-05T15:03:42+07:00" level=info msg="entry type EntryConfChange"
time="2019-08-05T15:03:42+07:00" level=info msg="node 2, process entry {1 1 EntryConfChange [8 0 16 0 24 1] []}\n"
time="2019-08-05T15:03:42+07:00" level=info msg="entry type EntryConfChange"
time="2019-08-05T15:03:42+07:00" level=info msg="node 1, process entry {1 3 EntryConfChange [8 0 16 0 24 3] []}\n"
time="2019-08-05T15:03:42+07:00" level=info msg="entry type EntryConfChange"
time="2019-08-05T15:03:42+07:00" level=info msg="node 3, process entry {1 1 EntryConfChange [8 0 16 0 24 3] []}\n"
time="2019-08-05T15:03:42+07:00" level=info msg="entry type EntryConfChange"
time="2019-08-05T15:03:42+07:00" level=info msg="node 2, process entry {1 2 EntryConfChange [8 0 16 0 24 2] []}\n"
time="2019-08-05T15:03:42+07:00" level=info msg="entry type EntryConfChange"
time="2019-08-05T15:03:42+07:00" level=info msg="node 2, process entry {1 3 EntryConfChange [8 0 16 0 24 3] []}\n"
time="2019-08-05T15:03:42+07:00" level=info msg="entry type EntryConfChange"
time="2019-08-05T15:03:53+07:00" level=info msg="Message detail: 1->2 MsgVote Term:2 Log:1/3"
time="2019-08-05T15:03:53+07:00" level=info msg="Message detail: 1->3 MsgVote Term:2 Log:1/3"
time="2019-08-05T15:03:53+07:00" level=info msg="Message detail: 2->1 MsgVoteResp Term:2 Log:0/0"
time="2019-08-05T15:03:53+07:00" level=info msg="Message detail: 3->1 MsgVoteResp Term:2 Log:0/0"
time="2019-08-05T15:03:53+07:00" level=info msg="Message detail: 1->3 MsgApp Term:2 Log:1/3 Commit:3 Entries:[2/4 EntryNormal \"\"]"
time="2019-08-05T15:03:53+07:00" level=info msg="Message detail: 1->2 MsgApp Term:2 Log:1/3 Commit:3 Entries:[2/4 EntryNormal \"\"]"
time="2019-08-05T15:03:53+07:00" level=info msg="Message detail: 3->1 MsgAppResp Term:2 Log:0/3 Rejected (Hint: 1)"
time="2019-08-05T15:03:53+07:00" level=info msg="Message detail: 1->3 MsgApp Term:2 Log:1/1 Commit:3 Entries:[1/2 EntryConfChange \"\\b\\x00\\x10\\x00\\x18\\x02\", 1/3 EntryConfChange \"\\b\\x00\\x10\\x00\\x18\\x03\", 2/4 EntryNormal \"\"]"
time="2019-08-05T15:03:53+07:00" level=info msg="Message detail: 3->1 MsgAppResp Term:2 Log:0/4"
time="2019-08-05T15:03:53+07:00" level=info msg="node 3, process entry {1 2 EntryConfChange [8 0 16 0 24 2] []}\n"
time="2019-08-05T15:03:53+07:00" level=info msg="entry type EntryConfChange"
time="2019-08-05T15:03:53+07:00" level=info msg="Message detail: 1->3 MsgApp Term:2 Log:2/4 Commit:4"
time="2019-08-05T15:03:53+07:00" level=info msg="Message detail: 2->1 MsgAppResp Term:2 Log:0/4"
